<?xml version="1.0" encoding="UTF-8"?>
<!-- Generated by org.testng.reporters.JUnitXMLReporter -->
<testsuite ignored="0" hostname="ISCHLAPHP21792" failures="0" tests="3" name="Default test" time="53.14" errors="0" timestamp="2024-07-16T15:06:58 IST">
  <testcase classname="SelfLearning.tests.SubmitOrderTest" name="submitOrder" time="17.634"/>
  <testcase classname="SelfLearning.tests.SubmitOrderTest" name="submitOrder" time="18.102"/>
  <testcase classname="SelfLearning.tests.SubmitOrderTest" name="orderHistoryTest" time="1.975"/>
</testsuite> <!-- Default test -->
