<?xml version="1.0" encoding="UTF-8"?>
<!-- Generated by org.testng.reporters.JUnitXMLReporter -->
<testsuite ignored="0" hostname="ISCHLAPHP21792" failures="0" tests="2" name="ErrorValidations" time="31.969" errors="0" timestamp="2024-07-18T19:51:09 IST">
  <testcase classname="SelfLearning.tests.ErrorValidations" name="LoginErrorValidation" time="0.402"/>
  <testcase classname="SelfLearning.tests.ErrorValidations" name="ProductErrorValidation" time="13.792"/>
</testsuite> <!-- ErrorValidations -->
