<?xml version="1.0" encoding="UTF-8"?>
<!-- Generated by org.testng.reporters.JUnitXMLReporter -->
<testsuite ignored="0" hostname="ISCHLAPHP21792" failures="0" tests="3" name="SubmitOrderTest" time="79.624" errors="0" timestamp="2024-07-02T13:02:09 IST">
  <testcase classname="SelfLearning.tests.SubmitOrderTest" name="submitOrder" time="11.349"/>
  <testcase classname="SelfLearning.tests.SubmitOrderTest" name="submitOrder" time="27.552"/>
  <testcase classname="SelfLearning.tests.SubmitOrderTest" name="orderHistoryTest" time="2.653"/>
</testsuite> <!-- SubmitOrderTest -->
