<?xml version="1.0" encoding="UTF-8"?>
<!-- Generated by org.testng.reporters.JUnitXMLReporter -->
<testsuite ignored="0" hostname="ISCHLAPHP21792" failures="0" tests="2" name="ErrorValidations" time="62.167" errors="0" timestamp="2024-07-23T20:10:11 IST">
  <testcase classname="SelfLearning.tests.ErrorValidations" name="LoginErrorValidation" time="1.18"/>
  <testcase classname="SelfLearning.tests.ErrorValidations" name="ProductErrorValidation" time="15.807"/>
</testsuite> <!-- ErrorValidations -->
