<?xml version="1.0" encoding="UTF-8"?>
<!-- Generated by org.testng.reporters.JUnitXMLReporter -->
<testsuite ignored="0" hostname="ISCHLAPHP21792" failures="0" tests="3" name="SubmitOrderTest" time="103.983" errors="0" timestamp="2024-07-23T20:10:53 IST">
  <testcase classname="SelfLearning.tests.SubmitOrderTest" name="submitOrder" time="21.04"/>
  <testcase classname="SelfLearning.tests.SubmitOrderTest" name="submitOrder" time="20.639"/>
  <testcase classname="SelfLearning.tests.SubmitOrderTest" name="orderHistoryTest" time="1.534"/>
</testsuite> <!-- SubmitOrderTest -->
