<?xml version="1.0" encoding="UTF-8"?>
<testng-results ignored="0" total="3" passed="3" failed="0" skipped="0">
  <reporter-output>
  </reporter-output>
  <suite started-at="2024-07-16T15:06:04 IST" name="Default suite" finished-at="2024-07-16T15:06:58 IST" duration-ms="53140">
    <groups>
      <group name="purchase">
        <method signature="SubmitOrderTest.submitOrder(java.util.HashMap)[pri:0, instance:SelfLearning.tests.SubmitOrderTest@d737b89]" name="submitOrder" class="SelfLearning.tests.SubmitOrderTest"/>
      </group> <!-- purchase -->
    </groups>
    <test started-at="2024-07-16T15:06:04 IST" name="Default test" finished-at="2024-07-16T15:06:58 IST" duration-ms="53140">
      <class name="SelfLearning.tests.SubmitOrderTest">
        <test-method is-config="true" signature="launchApplication()[pri:0, instance:SelfLearning.tests.SubmitOrderTest@d737b89]" started-at="2024-07-16T15:06:04 IST" name="launchApplication" finished-at="2024-07-16T15:06:11 IST" duration-ms="6765" status="PASS">
          <reporter-output>
          </reporter-output>
        </test-method> <!-- launchApplication -->
        <test-method signature="submitOrder(java.util.HashMap)[pri:0, instance:SelfLearning.tests.SubmitOrderTest@d737b89]" started-at="2024-07-16T15:06:11 IST" name="submitOrder" data-provider="getData" finished-at="2024-07-16T15:06:29 IST" duration-ms="17634" status="PASS">
          <params>
            <param index="0">
              <value>
                <![CDATA[{password=Test@1234, product=ZARA COAT 3, email=mpavithra18@gmail.com}]]>
              </value>
            </param>
          </params>
          <reporter-output>
          </reporter-output>
        </test-method> <!-- submitOrder -->
        <test-method is-config="true" signature="launchApplication()[pri:0, instance:SelfLearning.tests.SubmitOrderTest@d737b89]" started-at="2024-07-16T15:06:29 IST" name="launchApplication" finished-at="2024-07-16T15:06:33 IST" duration-ms="3775" status="PASS">
          <reporter-output>
          </reporter-output>
        </test-method> <!-- launchApplication -->
        <test-method signature="submitOrder(java.util.HashMap)[pri:0, instance:SelfLearning.tests.SubmitOrderTest@d737b89]" started-at="2024-07-16T15:06:33 IST" name="submitOrder" data-provider="getData" finished-at="2024-07-16T15:06:51 IST" duration-ms="18102" status="PASS">
          <params>
            <param index="0">
              <value>
                <![CDATA[{password=Test@1234, product=ADIDAS ORIGINAL, email=mpavithra18@gmail.com}]]>
              </value>
            </param>
          </params>
          <reporter-output>
          </reporter-output>
        </test-method> <!-- submitOrder -->
        <test-method is-config="true" signature="launchApplication()[pri:0, instance:SelfLearning.tests.SubmitOrderTest@d737b89]" started-at="2024-07-16T15:06:51 IST" name="launchApplication" finished-at="2024-07-16T15:06:56 IST" duration-ms="4761" status="PASS">
          <reporter-output>
          </reporter-output>
        </test-method> <!-- launchApplication -->
        <test-method signature="orderHistoryTest()[pri:0, instance:SelfLearning.tests.SubmitOrderTest@d737b89]" started-at="2024-07-16T15:06:56 IST" name="orderHistoryTest" finished-at="2024-07-16T15:06:58 IST" depends-on-methods="SelfLearning.tests.SubmitOrderTest.submitOrder" duration-ms="1975" status="PASS">
          <reporter-output>
          </reporter-output>
        </test-method> <!-- orderHistoryTest -->
      </class> <!-- SelfLearning.tests.SubmitOrderTest -->
    </test> <!-- Default test -->
  </suite> <!-- Default suite -->
</testng-results>
